C:\DOTNET\Samples\Acme\Acme\AcmeRemoteFilghts\wwwroot\clientApp\out-tsc\app\app.component.js
C:\DOTNET\Samples\Acme\Acme\AcmeRemoteFilghts\wwwroot\clientApp\out-tsc\app\app.component.js.map
C:\DOTNET\Samples\Acme\Acme\AcmeRemoteFilghts\wwwroot\clientApp\out-tsc\app\app.module.js
C:\DOTNET\Samples\Acme\Acme\AcmeRemoteFilghts\wwwroot\clientApp\out-tsc\app\app.module.js.map
C:\DOTNET\Samples\Acme\Acme\AcmeRemoteFilghts\wwwroot\clientApp\out-tsc\environments\environment.js
C:\DOTNET\Samples\Acme\Acme\AcmeRemoteFilghts\wwwroot\clientApp\out-tsc\environments\environment.js.map
C:\DOTNET\Samples\Acme\Acme\AcmeRemoteFilghts\wwwroot\clientApp\out-tsc\main.js
C:\DOTNET\Samples\Acme\Acme\AcmeRemoteFilghts\wwwroot\clientApp\out-tsc\main.js.map
C:\DOTNET\Samples\Acme\Acme\AcmeRemoteFilghts\wwwroot\clientApp\out-tsc\polyfills.js
C:\DOTNET\Samples\Acme\Acme\AcmeRemoteFilghts\wwwroot\clientApp\out-tsc\polyfills.js.map
C:\DOTNET\Samples\Acme\Acme\AcmeRemoteFilghts\wwwroot\clientApp\out-tsc\test.js
C:\DOTNET\Samples\Acme\Acme\AcmeRemoteFilghts\wwwroot\clientApp\out-tsc\test.js.map
C:\DOTNET\Samples\Acme\Acme\AcmeRemoteFilghts\wwwroot\clientApp\out-tsc\environments\environment.prod.js
C:\DOTNET\Samples\Acme\Acme\AcmeRemoteFilghts\wwwroot\clientApp\out-tsc\environments\environment.prod.js.map
C:\DOTNET\Samples\Acme\Acme\AcmeRemoteFilghts\wwwroot\clientApp\out-tsc\app\shared\material\material.module.js
C:\DOTNET\Samples\Acme\Acme\AcmeRemoteFilghts\wwwroot\clientApp\out-tsc\app\shared\material\material.module.js.map
C:\DOTNET\Samples\Acme\Acme\AcmeRemoteFilghts\wwwroot\clientApp\out-tsc\app\flightmanager\flightmanager-app.component.js
C:\DOTNET\Samples\Acme\Acme\AcmeRemoteFilghts\wwwroot\clientApp\out-tsc\app\flightmanager\flightmanager-app.component.js.map
C:\DOTNET\Samples\Acme\Acme\AcmeRemoteFilghts\wwwroot\clientApp\out-tsc\app\flightmanager\components\toolbar\toolbar.component.js
C:\DOTNET\Samples\Acme\Acme\AcmeRemoteFilghts\wwwroot\clientApp\out-tsc\app\flightmanager\components\toolbar\toolbar.component.js.map
C:\DOTNET\Samples\Acme\Acme\AcmeRemoteFilghts\wwwroot\clientApp\out-tsc\app\flightmanager\models\City.js
C:\DOTNET\Samples\Acme\Acme\AcmeRemoteFilghts\wwwroot\clientApp\out-tsc\app\flightmanager\models\City.js.map
C:\DOTNET\Samples\Acme\Acme\AcmeRemoteFilghts\wwwroot\clientApp\out-tsc\app\flightmanager\models\flight.js
C:\DOTNET\Samples\Acme\Acme\AcmeRemoteFilghts\wwwroot\clientApp\out-tsc\app\flightmanager\models\flight.js.map
C:\DOTNET\Samples\Acme\Acme\AcmeRemoteFilghts\wwwroot\clientApp\out-tsc\app\flightmanager\services\flight.service.js
C:\DOTNET\Samples\Acme\Acme\AcmeRemoteFilghts\wwwroot\clientApp\out-tsc\app\flightmanager\services\flight.service.js.map
C:\DOTNET\Samples\Acme\Acme\AcmeRemoteFilghts\wwwroot\clientApp\out-tsc\app\flightmanager\components\main-content\main-content.component.js
C:\DOTNET\Samples\Acme\Acme\AcmeRemoteFilghts\wwwroot\clientApp\out-tsc\app\flightmanager\components\main-content\main-content.component.js.map
C:\DOTNET\Samples\Acme\Acme\AcmeRemoteFilghts\wwwroot\clientApp\out-tsc\app\flightmanager\components\sidenav\sidenav.component.js
C:\DOTNET\Samples\Acme\Acme\AcmeRemoteFilghts\wwwroot\clientApp\out-tsc\app\flightmanager\components\sidenav\sidenav.component.js.map
C:\DOTNET\Samples\Acme\Acme\AcmeRemoteFilghts\wwwroot\clientApp\out-tsc\app\flightmanager\flightmanager.module.js
C:\DOTNET\Samples\Acme\Acme\AcmeRemoteFilghts\wwwroot\clientApp\out-tsc\app\flightmanager\flightmanager.module.js.map
C:\DOTNET\Samples\Acme\Acme\AcmeRemoteFilghts\wwwroot\clientApp\out-tsc\app\flightmanager\models\booking.js
C:\DOTNET\Samples\Acme\Acme\AcmeRemoteFilghts\wwwroot\clientApp\out-tsc\app\flightmanager\models\booking.js.map
C:\DOTNET\Samples\Acme\Acme\AcmeRemoteFilghts\wwwroot\clientApp\out-tsc\app\app.component.js
C:\DOTNET\Samples\Acme\Acme\AcmeRemoteFilghts\wwwroot\clientApp\out-tsc\app\app.component.js.map
C:\DOTNET\Samples\Acme\Acme\AcmeRemoteFilghts\wwwroot\clientApp\out-tsc\app\app.module.js
C:\DOTNET\Samples\Acme\Acme\AcmeRemoteFilghts\wwwroot\clientApp\out-tsc\app\app.module.js.map
C:\DOTNET\Samples\Acme\Acme\AcmeRemoteFilghts\wwwroot\clientApp\out-tsc\environments\environment.js
C:\DOTNET\Samples\Acme\Acme\AcmeRemoteFilghts\wwwroot\clientApp\out-tsc\environments\environment.js.map
C:\DOTNET\Samples\Acme\Acme\AcmeRemoteFilghts\wwwroot\clientApp\out-tsc\main.js
C:\DOTNET\Samples\Acme\Acme\AcmeRemoteFilghts\wwwroot\clientApp\out-tsc\main.js.map
C:\DOTNET\Samples\Acme\Acme\AcmeRemoteFilghts\wwwroot\clientApp\out-tsc\polyfills.js
C:\DOTNET\Samples\Acme\Acme\AcmeRemoteFilghts\wwwroot\clientApp\out-tsc\polyfills.js.map
C:\DOTNET\Samples\Acme\Acme\AcmeRemoteFilghts\wwwroot\clientApp\out-tsc\test.js
C:\DOTNET\Samples\Acme\Acme\AcmeRemoteFilghts\wwwroot\clientApp\out-tsc\test.js.map
C:\DOTNET\Samples\Acme\Acme\AcmeRemoteFilghts\wwwroot\clientApp\out-tsc\environments\environment.prod.js
C:\DOTNET\Samples\Acme\Acme\AcmeRemoteFilghts\wwwroot\clientApp\out-tsc\environments\environment.prod.js.map
C:\DOTNET\Samples\Acme\Acme\AcmeRemoteFilghts\wwwroot\clientApp\out-tsc\app\shared\material\material.module.js
C:\DOTNET\Samples\Acme\Acme\AcmeRemoteFilghts\wwwroot\clientApp\out-tsc\app\shared\material\material.module.js.map
C:\DOTNET\Samples\Acme\Acme\AcmeRemoteFilghts\wwwroot\clientApp\out-tsc\app\flightmanager\flightmanager-app.component.js
C:\DOTNET\Samples\Acme\Acme\AcmeRemoteFilghts\wwwroot\clientApp\out-tsc\app\flightmanager\flightmanager-app.component.js.map
C:\DOTNET\Samples\Acme\Acme\AcmeRemoteFilghts\wwwroot\clientApp\out-tsc\app\flightmanager\components\toolbar\toolbar.component.js
C:\DOTNET\Samples\Acme\Acme\AcmeRemoteFilghts\wwwroot\clientApp\out-tsc\app\flightmanager\components\toolbar\toolbar.component.js.map
C:\DOTNET\Samples\Acme\Acme\AcmeRemoteFilghts\wwwroot\clientApp\out-tsc\app\flightmanager\models\City.js
C:\DOTNET\Samples\Acme\Acme\AcmeRemoteFilghts\wwwroot\clientApp\out-tsc\app\flightmanager\models\City.js.map
C:\DOTNET\Samples\Acme\Acme\AcmeRemoteFilghts\wwwroot\clientApp\out-tsc\app\flightmanager\models\flight.js
C:\DOTNET\Samples\Acme\Acme\AcmeRemoteFilghts\wwwroot\clientApp\out-tsc\app\flightmanager\models\flight.js.map
C:\DOTNET\Samples\Acme\Acme\AcmeRemoteFilghts\wwwroot\clientApp\out-tsc\app\flightmanager\services\flight.service.js
C:\DOTNET\Samples\Acme\Acme\AcmeRemoteFilghts\wwwroot\clientApp\out-tsc\app\flightmanager\services\flight.service.js.map
C:\DOTNET\Samples\Acme\Acme\AcmeRemoteFilghts\wwwroot\clientApp\out-tsc\app\flightmanager\components\main-content\main-content.component.js
C:\DOTNET\Samples\Acme\Acme\AcmeRemoteFilghts\wwwroot\clientApp\out-tsc\app\flightmanager\components\main-content\main-content.component.js.map
C:\DOTNET\Samples\Acme\Acme\AcmeRemoteFilghts\wwwroot\clientApp\out-tsc\app\flightmanager\components\sidenav\sidenav.component.js
C:\DOTNET\Samples\Acme\Acme\AcmeRemoteFilghts\wwwroot\clientApp\out-tsc\app\flightmanager\components\sidenav\sidenav.component.js.map
C:\DOTNET\Samples\Acme\Acme\AcmeRemoteFilghts\wwwroot\clientApp\out-tsc\app\flightmanager\flightmanager.module.js
C:\DOTNET\Samples\Acme\Acme\AcmeRemoteFilghts\wwwroot\clientApp\out-tsc\app\flightmanager\flightmanager.module.js.map
C:\DOTNET\Samples\Acme\Acme\AcmeRemoteFilghts\wwwroot\clientApp\out-tsc\app\flightmanager\models\booking.js
C:\DOTNET\Samples\Acme\Acme\AcmeRemoteFilghts\wwwroot\clientApp\out-tsc\app\flightmanager\models\booking.js.map
C:\DOTNET\Samples\Acme\Acme\AcmeRemoteFilghts\wwwroot\clientApp\out-tsc\app\app.component.js
C:\DOTNET\Samples\Acme\Acme\AcmeRemoteFilghts\wwwroot\clientApp\out-tsc\app\app.component.js.map
C:\DOTNET\Samples\Acme\Acme\AcmeRemoteFilghts\wwwroot\clientApp\out-tsc\app\app.module.js
C:\DOTNET\Samples\Acme\Acme\AcmeRemoteFilghts\wwwroot\clientApp\out-tsc\app\app.module.js.map
C:\DOTNET\Samples\Acme\Acme\AcmeRemoteFilghts\wwwroot\clientApp\out-tsc\environments\environment.js
C:\DOTNET\Samples\Acme\Acme\AcmeRemoteFilghts\wwwroot\clientApp\out-tsc\environments\environment.js.map
C:\DOTNET\Samples\Acme\Acme\AcmeRemoteFilghts\wwwroot\clientApp\out-tsc\main.js
C:\DOTNET\Samples\Acme\Acme\AcmeRemoteFilghts\wwwroot\clientApp\out-tsc\main.js.map
C:\DOTNET\Samples\Acme\Acme\AcmeRemoteFilghts\wwwroot\clientApp\out-tsc\polyfills.js
C:\DOTNET\Samples\Acme\Acme\AcmeRemoteFilghts\wwwroot\clientApp\out-tsc\polyfills.js.map
C:\DOTNET\Samples\Acme\Acme\AcmeRemoteFilghts\wwwroot\clientApp\out-tsc\test.js
C:\DOTNET\Samples\Acme\Acme\AcmeRemoteFilghts\wwwroot\clientApp\out-tsc\test.js.map
C:\DOTNET\Samples\Acme\Acme\AcmeRemoteFilghts\wwwroot\clientApp\out-tsc\environments\environment.prod.js
C:\DOTNET\Samples\Acme\Acme\AcmeRemoteFilghts\wwwroot\clientApp\out-tsc\environments\environment.prod.js.map
C:\DOTNET\Samples\Acme\Acme\AcmeRemoteFilghts\wwwroot\clientApp\out-tsc\app\shared\material\material.module.js
C:\DOTNET\Samples\Acme\Acme\AcmeRemoteFilghts\wwwroot\clientApp\out-tsc\app\shared\material\material.module.js.map
C:\DOTNET\Samples\Acme\Acme\AcmeRemoteFilghts\wwwroot\clientApp\out-tsc\app\flightmanager\flightmanager-app.component.js
C:\DOTNET\Samples\Acme\Acme\AcmeRemoteFilghts\wwwroot\clientApp\out-tsc\app\flightmanager\flightmanager-app.component.js.map
C:\DOTNET\Samples\Acme\Acme\AcmeRemoteFilghts\wwwroot\clientApp\out-tsc\app\flightmanager\components\toolbar\toolbar.component.js
C:\DOTNET\Samples\Acme\Acme\AcmeRemoteFilghts\wwwroot\clientApp\out-tsc\app\flightmanager\components\toolbar\toolbar.component.js.map
C:\DOTNET\Samples\Acme\Acme\AcmeRemoteFilghts\wwwroot\clientApp\out-tsc\app\flightmanager\models\City.js
C:\DOTNET\Samples\Acme\Acme\AcmeRemoteFilghts\wwwroot\clientApp\out-tsc\app\flightmanager\models\City.js.map
C:\DOTNET\Samples\Acme\Acme\AcmeRemoteFilghts\wwwroot\clientApp\out-tsc\app\flightmanager\models\flight.js
C:\DOTNET\Samples\Acme\Acme\AcmeRemoteFilghts\wwwroot\clientApp\out-tsc\app\flightmanager\models\flight.js.map
C:\DOTNET\Samples\Acme\Acme\AcmeRemoteFilghts\wwwroot\clientApp\out-tsc\app\flightmanager\services\flight.service.js
C:\DOTNET\Samples\Acme\Acme\AcmeRemoteFilghts\wwwroot\clientApp\out-tsc\app\flightmanager\services\flight.service.js.map
C:\DOTNET\Samples\Acme\Acme\AcmeRemoteFilghts\wwwroot\clientApp\out-tsc\app\flightmanager\components\main-content\main-content.component.js
C:\DOTNET\Samples\Acme\Acme\AcmeRemoteFilghts\wwwroot\clientApp\out-tsc\app\flightmanager\components\main-content\main-content.component.js.map
C:\DOTNET\Samples\Acme\Acme\AcmeRemoteFilghts\wwwroot\clientApp\out-tsc\app\flightmanager\components\sidenav\sidenav.component.js
C:\DOTNET\Samples\Acme\Acme\AcmeRemoteFilghts\wwwroot\clientApp\out-tsc\app\flightmanager\components\sidenav\sidenav.component.js.map
C:\DOTNET\Samples\Acme\Acme\AcmeRemoteFilghts\wwwroot\clientApp\out-tsc\app\flightmanager\flightmanager.module.js
C:\DOTNET\Samples\Acme\Acme\AcmeRemoteFilghts\wwwroot\clientApp\out-tsc\app\flightmanager\flightmanager.module.js.map
C:\DOTNET\Samples\Acme\Acme\AcmeRemoteFilghts\wwwroot\clientApp\out-tsc\app\flightmanager\models\booking.js
C:\DOTNET\Samples\Acme\Acme\AcmeRemoteFilghts\wwwroot\clientApp\out-tsc\app\flightmanager\models\booking.js.map
C:\DOTNET\Samples\Acme\Acme\AcmeRemoteFilghts\wwwroot\clientApp\out-tsc\app\app.component.js
C:\DOTNET\Samples\Acme\Acme\AcmeRemoteFilghts\wwwroot\clientApp\out-tsc\app\app.component.js.map
C:\DOTNET\Samples\Acme\Acme\AcmeRemoteFilghts\wwwroot\clientApp\out-tsc\app\app.module.js
C:\DOTNET\Samples\Acme\Acme\AcmeRemoteFilghts\wwwroot\clientApp\out-tsc\app\app.module.js.map
C:\DOTNET\Samples\Acme\Acme\AcmeRemoteFilghts\wwwroot\clientApp\out-tsc\environments\environment.js
C:\DOTNET\Samples\Acme\Acme\AcmeRemoteFilghts\wwwroot\clientApp\out-tsc\environments\environment.js.map
C:\DOTNET\Samples\Acme\Acme\AcmeRemoteFilghts\wwwroot\clientApp\out-tsc\main.js
C:\DOTNET\Samples\Acme\Acme\AcmeRemoteFilghts\wwwroot\clientApp\out-tsc\main.js.map
C:\DOTNET\Samples\Acme\Acme\AcmeRemoteFilghts\wwwroot\clientApp\out-tsc\polyfills.js
C:\DOTNET\Samples\Acme\Acme\AcmeRemoteFilghts\wwwroot\clientApp\out-tsc\polyfills.js.map
C:\DOTNET\Samples\Acme\Acme\AcmeRemoteFilghts\wwwroot\clientApp\out-tsc\test.js
C:\DOTNET\Samples\Acme\Acme\AcmeRemoteFilghts\wwwroot\clientApp\out-tsc\test.js.map
C:\DOTNET\Samples\Acme\Acme\AcmeRemoteFilghts\wwwroot\clientApp\out-tsc\environments\environment.prod.js
C:\DOTNET\Samples\Acme\Acme\AcmeRemoteFilghts\wwwroot\clientApp\out-tsc\environments\environment.prod.js.map
C:\DOTNET\Samples\Acme\Acme\AcmeRemoteFilghts\wwwroot\clientApp\out-tsc\app\shared\material\material.module.js
C:\DOTNET\Samples\Acme\Acme\AcmeRemoteFilghts\wwwroot\clientApp\out-tsc\app\shared\material\material.module.js.map
C:\DOTNET\Samples\Acme\Acme\AcmeRemoteFilghts\wwwroot\clientApp\out-tsc\app\flightmanager\flightmanager-app.component.js
C:\DOTNET\Samples\Acme\Acme\AcmeRemoteFilghts\wwwroot\clientApp\out-tsc\app\flightmanager\flightmanager-app.component.js.map
C:\DOTNET\Samples\Acme\Acme\AcmeRemoteFilghts\wwwroot\clientApp\out-tsc\app\flightmanager\components\toolbar\toolbar.component.js
C:\DOTNET\Samples\Acme\Acme\AcmeRemoteFilghts\wwwroot\clientApp\out-tsc\app\flightmanager\components\toolbar\toolbar.component.js.map
C:\DOTNET\Samples\Acme\Acme\AcmeRemoteFilghts\wwwroot\clientApp\out-tsc\app\flightmanager\models\City.js
C:\DOTNET\Samples\Acme\Acme\AcmeRemoteFilghts\wwwroot\clientApp\out-tsc\app\flightmanager\models\City.js.map
C:\DOTNET\Samples\Acme\Acme\AcmeRemoteFilghts\wwwroot\clientApp\out-tsc\app\flightmanager\models\flight.js
C:\DOTNET\Samples\Acme\Acme\AcmeRemoteFilghts\wwwroot\clientApp\out-tsc\app\flightmanager\models\flight.js.map
C:\DOTNET\Samples\Acme\Acme\AcmeRemoteFilghts\wwwroot\clientApp\out-tsc\app\flightmanager\services\flight.service.js
C:\DOTNET\Samples\Acme\Acme\AcmeRemoteFilghts\wwwroot\clientApp\out-tsc\app\flightmanager\services\flight.service.js.map
C:\DOTNET\Samples\Acme\Acme\AcmeRemoteFilghts\wwwroot\clientApp\out-tsc\app\flightmanager\components\main-content\main-content.component.js
C:\DOTNET\Samples\Acme\Acme\AcmeRemoteFilghts\wwwroot\clientApp\out-tsc\app\flightmanager\components\main-content\main-content.component.js.map
C:\DOTNET\Samples\Acme\Acme\AcmeRemoteFilghts\wwwroot\clientApp\out-tsc\app\flightmanager\components\sidenav\sidenav.component.js
C:\DOTNET\Samples\Acme\Acme\AcmeRemoteFilghts\wwwroot\clientApp\out-tsc\app\flightmanager\components\sidenav\sidenav.component.js.map
C:\DOTNET\Samples\Acme\Acme\AcmeRemoteFilghts\wwwroot\clientApp\out-tsc\app\flightmanager\flightmanager.module.js
C:\DOTNET\Samples\Acme\Acme\AcmeRemoteFilghts\wwwroot\clientApp\out-tsc\app\flightmanager\flightmanager.module.js.map
C:\DOTNET\Samples\Acme\Acme\AcmeRemoteFilghts\wwwroot\clientApp\out-tsc\app\flightmanager\models\booking.js
C:\DOTNET\Samples\Acme\Acme\AcmeRemoteFilghts\wwwroot\clientApp\out-tsc\app\flightmanager\models\booking.js.map
C:\DOTNET\Samples\Acme\Acme\AcmeRemoteFilghts\wwwroot\clientApp\out-tsc\app\app.component.js
C:\DOTNET\Samples\Acme\Acme\AcmeRemoteFilghts\wwwroot\clientApp\out-tsc\app\app.component.js.map
C:\DOTNET\Samples\Acme\Acme\AcmeRemoteFilghts\wwwroot\clientApp\out-tsc\app\app.module.js
C:\DOTNET\Samples\Acme\Acme\AcmeRemoteFilghts\wwwroot\clientApp\out-tsc\app\app.module.js.map
C:\DOTNET\Samples\Acme\Acme\AcmeRemoteFilghts\wwwroot\clientApp\out-tsc\environments\environment.js
C:\DOTNET\Samples\Acme\Acme\AcmeRemoteFilghts\wwwroot\clientApp\out-tsc\environments\environment.js.map
C:\DOTNET\Samples\Acme\Acme\AcmeRemoteFilghts\wwwroot\clientApp\out-tsc\main.js
C:\DOTNET\Samples\Acme\Acme\AcmeRemoteFilghts\wwwroot\clientApp\out-tsc\main.js.map
C:\DOTNET\Samples\Acme\Acme\AcmeRemoteFilghts\wwwroot\clientApp\out-tsc\polyfills.js
C:\DOTNET\Samples\Acme\Acme\AcmeRemoteFilghts\wwwroot\clientApp\out-tsc\polyfills.js.map
C:\DOTNET\Samples\Acme\Acme\AcmeRemoteFilghts\wwwroot\clientApp\out-tsc\test.js
C:\DOTNET\Samples\Acme\Acme\AcmeRemoteFilghts\wwwroot\clientApp\out-tsc\test.js.map
C:\DOTNET\Samples\Acme\Acme\AcmeRemoteFilghts\wwwroot\clientApp\out-tsc\environments\environment.prod.js
C:\DOTNET\Samples\Acme\Acme\AcmeRemoteFilghts\wwwroot\clientApp\out-tsc\environments\environment.prod.js.map
C:\DOTNET\Samples\Acme\Acme\AcmeRemoteFilghts\wwwroot\clientApp\out-tsc\app\shared\material\material.module.js
C:\DOTNET\Samples\Acme\Acme\AcmeRemoteFilghts\wwwroot\clientApp\out-tsc\app\shared\material\material.module.js.map
C:\DOTNET\Samples\Acme\Acme\AcmeRemoteFilghts\wwwroot\clientApp\out-tsc\app\flightmanager\flightmanager-app.component.js
C:\DOTNET\Samples\Acme\Acme\AcmeRemoteFilghts\wwwroot\clientApp\out-tsc\app\flightmanager\flightmanager-app.component.js.map
C:\DOTNET\Samples\Acme\Acme\AcmeRemoteFilghts\wwwroot\clientApp\out-tsc\app\flightmanager\components\toolbar\toolbar.component.js
C:\DOTNET\Samples\Acme\Acme\AcmeRemoteFilghts\wwwroot\clientApp\out-tsc\app\flightmanager\components\toolbar\toolbar.component.js.map
C:\DOTNET\Samples\Acme\Acme\AcmeRemoteFilghts\wwwroot\clientApp\out-tsc\app\flightmanager\models\City.js
C:\DOTNET\Samples\Acme\Acme\AcmeRemoteFilghts\wwwroot\clientApp\out-tsc\app\flightmanager\models\City.js.map
C:\DOTNET\Samples\Acme\Acme\AcmeRemoteFilghts\wwwroot\clientApp\out-tsc\app\flightmanager\models\flight.js
C:\DOTNET\Samples\Acme\Acme\AcmeRemoteFilghts\wwwroot\clientApp\out-tsc\app\flightmanager\models\flight.js.map
C:\DOTNET\Samples\Acme\Acme\AcmeRemoteFilghts\wwwroot\clientApp\out-tsc\app\flightmanager\services\flight.service.js
C:\DOTNET\Samples\Acme\Acme\AcmeRemoteFilghts\wwwroot\clientApp\out-tsc\app\flightmanager\services\flight.service.js.map
C:\DOTNET\Samples\Acme\Acme\AcmeRemoteFilghts\wwwroot\clientApp\out-tsc\app\flightmanager\components\main-content\main-content.component.js
C:\DOTNET\Samples\Acme\Acme\AcmeRemoteFilghts\wwwroot\clientApp\out-tsc\app\flightmanager\components\main-content\main-content.component.js.map
C:\DOTNET\Samples\Acme\Acme\AcmeRemoteFilghts\wwwroot\clientApp\out-tsc\app\flightmanager\components\sidenav\sidenav.component.js
C:\DOTNET\Samples\Acme\Acme\AcmeRemoteFilghts\wwwroot\clientApp\out-tsc\app\flightmanager\components\sidenav\sidenav.component.js.map
C:\DOTNET\Samples\Acme\Acme\AcmeRemoteFilghts\wwwroot\clientApp\out-tsc\app\flightmanager\flightmanager.module.js
C:\DOTNET\Samples\Acme\Acme\AcmeRemoteFilghts\wwwroot\clientApp\out-tsc\app\flightmanager\flightmanager.module.js.map
C:\DOTNET\Samples\Acme\Acme\AcmeRemoteFilghts\wwwroot\clientApp\out-tsc\app\flightmanager\models\booking.js
C:\DOTNET\Samples\Acme\Acme\AcmeRemoteFilghts\wwwroot\clientApp\out-tsc\app\flightmanager\models\booking.js.map
C:\DOTNET\Samples\Acme\Acme\AcmeRemoteFilghts\wwwroot\clientApp\out-tsc\app\app.component.js
C:\DOTNET\Samples\Acme\Acme\AcmeRemoteFilghts\wwwroot\clientApp\out-tsc\app\app.component.js.map
C:\DOTNET\Samples\Acme\Acme\AcmeRemoteFilghts\wwwroot\clientApp\out-tsc\app\app.module.js
C:\DOTNET\Samples\Acme\Acme\AcmeRemoteFilghts\wwwroot\clientApp\out-tsc\app\app.module.js.map
C:\DOTNET\Samples\Acme\Acme\AcmeRemoteFilghts\wwwroot\clientApp\out-tsc\environments\environment.js
C:\DOTNET\Samples\Acme\Acme\AcmeRemoteFilghts\wwwroot\clientApp\out-tsc\environments\environment.js.map
C:\DOTNET\Samples\Acme\Acme\AcmeRemoteFilghts\wwwroot\clientApp\out-tsc\main.js
C:\DOTNET\Samples\Acme\Acme\AcmeRemoteFilghts\wwwroot\clientApp\out-tsc\main.js.map
C:\DOTNET\Samples\Acme\Acme\AcmeRemoteFilghts\wwwroot\clientApp\out-tsc\polyfills.js
C:\DOTNET\Samples\Acme\Acme\AcmeRemoteFilghts\wwwroot\clientApp\out-tsc\polyfills.js.map
C:\DOTNET\Samples\Acme\Acme\AcmeRemoteFilghts\wwwroot\clientApp\out-tsc\test.js
C:\DOTNET\Samples\Acme\Acme\AcmeRemoteFilghts\wwwroot\clientApp\out-tsc\test.js.map
C:\DOTNET\Samples\Acme\Acme\AcmeRemoteFilghts\wwwroot\clientApp\out-tsc\environments\environment.prod.js
C:\DOTNET\Samples\Acme\Acme\AcmeRemoteFilghts\wwwroot\clientApp\out-tsc\environments\environment.prod.js.map
C:\DOTNET\Samples\Acme\Acme\AcmeRemoteFilghts\wwwroot\clientApp\out-tsc\app\shared\material\material.module.js
C:\DOTNET\Samples\Acme\Acme\AcmeRemoteFilghts\wwwroot\clientApp\out-tsc\app\shared\material\material.module.js.map
C:\DOTNET\Samples\Acme\Acme\AcmeRemoteFilghts\wwwroot\clientApp\out-tsc\app\flightmanager\flightmanager-app.component.js
C:\DOTNET\Samples\Acme\Acme\AcmeRemoteFilghts\wwwroot\clientApp\out-tsc\app\flightmanager\flightmanager-app.component.js.map
C:\DOTNET\Samples\Acme\Acme\AcmeRemoteFilghts\wwwroot\clientApp\out-tsc\app\flightmanager\components\toolbar\toolbar.component.js
C:\DOTNET\Samples\Acme\Acme\AcmeRemoteFilghts\wwwroot\clientApp\out-tsc\app\flightmanager\components\toolbar\toolbar.component.js.map
C:\DOTNET\Samples\Acme\Acme\AcmeRemoteFilghts\wwwroot\clientApp\out-tsc\app\flightmanager\models\City.js
C:\DOTNET\Samples\Acme\Acme\AcmeRemoteFilghts\wwwroot\clientApp\out-tsc\app\flightmanager\models\City.js.map
C:\DOTNET\Samples\Acme\Acme\AcmeRemoteFilghts\wwwroot\clientApp\out-tsc\app\flightmanager\models\flight.js
C:\DOTNET\Samples\Acme\Acme\AcmeRemoteFilghts\wwwroot\clientApp\out-tsc\app\flightmanager\models\flight.js.map
C:\DOTNET\Samples\Acme\Acme\AcmeRemoteFilghts\wwwroot\clientApp\out-tsc\app\flightmanager\services\flight.service.js
C:\DOTNET\Samples\Acme\Acme\AcmeRemoteFilghts\wwwroot\clientApp\out-tsc\app\flightmanager\services\flight.service.js.map
C:\DOTNET\Samples\Acme\Acme\AcmeRemoteFilghts\wwwroot\clientApp\out-tsc\app\flightmanager\components\main-content\main-content.component.js
C:\DOTNET\Samples\Acme\Acme\AcmeRemoteFilghts\wwwroot\clientApp\out-tsc\app\flightmanager\components\main-content\main-content.component.js.map
C:\DOTNET\Samples\Acme\Acme\AcmeRemoteFilghts\wwwroot\clientApp\out-tsc\app\flightmanager\components\sidenav\sidenav.component.js
C:\DOTNET\Samples\Acme\Acme\AcmeRemoteFilghts\wwwroot\clientApp\out-tsc\app\flightmanager\components\sidenav\sidenav.component.js.map
C:\DOTNET\Samples\Acme\Acme\AcmeRemoteFilghts\wwwroot\clientApp\out-tsc\app\flightmanager\flightmanager.module.js
C:\DOTNET\Samples\Acme\Acme\AcmeRemoteFilghts\wwwroot\clientApp\out-tsc\app\flightmanager\flightmanager.module.js.map
C:\DOTNET\Samples\Acme\Acme\AcmeRemoteFilghts\wwwroot\clientApp\out-tsc\app\flightmanager\models\booking.js
C:\DOTNET\Samples\Acme\Acme\AcmeRemoteFilghts\wwwroot\clientApp\out-tsc\app\flightmanager\models\booking.js.map
C:\DOTNET\Samples\Acme\Acme\AcmeRemoteFilghts\wwwroot\clientApp\out-tsc\app\app.component.js
C:\DOTNET\Samples\Acme\Acme\AcmeRemoteFilghts\wwwroot\clientApp\out-tsc\app\app.component.js.map
C:\DOTNET\Samples\Acme\Acme\AcmeRemoteFilghts\wwwroot\clientApp\out-tsc\app\app.module.js
C:\DOTNET\Samples\Acme\Acme\AcmeRemoteFilghts\wwwroot\clientApp\out-tsc\app\app.module.js.map
C:\DOTNET\Samples\Acme\Acme\AcmeRemoteFilghts\wwwroot\clientApp\out-tsc\environments\environment.js
C:\DOTNET\Samples\Acme\Acme\AcmeRemoteFilghts\wwwroot\clientApp\out-tsc\environments\environment.js.map
C:\DOTNET\Samples\Acme\Acme\AcmeRemoteFilghts\wwwroot\clientApp\out-tsc\main.js
C:\DOTNET\Samples\Acme\Acme\AcmeRemoteFilghts\wwwroot\clientApp\out-tsc\main.js.map
C:\DOTNET\Samples\Acme\Acme\AcmeRemoteFilghts\wwwroot\clientApp\out-tsc\polyfills.js
C:\DOTNET\Samples\Acme\Acme\AcmeRemoteFilghts\wwwroot\clientApp\out-tsc\polyfills.js.map
C:\DOTNET\Samples\Acme\Acme\AcmeRemoteFilghts\wwwroot\clientApp\out-tsc\test.js
C:\DOTNET\Samples\Acme\Acme\AcmeRemoteFilghts\wwwroot\clientApp\out-tsc\test.js.map
C:\DOTNET\Samples\Acme\Acme\AcmeRemoteFilghts\wwwroot\clientApp\out-tsc\environments\environment.prod.js
C:\DOTNET\Samples\Acme\Acme\AcmeRemoteFilghts\wwwroot\clientApp\out-tsc\environments\environment.prod.js.map
C:\DOTNET\Samples\Acme\Acme\AcmeRemoteFilghts\wwwroot\clientApp\out-tsc\app\shared\material\material.module.js
C:\DOTNET\Samples\Acme\Acme\AcmeRemoteFilghts\wwwroot\clientApp\out-tsc\app\shared\material\material.module.js.map
C:\DOTNET\Samples\Acme\Acme\AcmeRemoteFilghts\wwwroot\clientApp\out-tsc\app\flightmanager\flightmanager-app.component.js
C:\DOTNET\Samples\Acme\Acme\AcmeRemoteFilghts\wwwroot\clientApp\out-tsc\app\flightmanager\flightmanager-app.component.js.map
C:\DOTNET\Samples\Acme\Acme\AcmeRemoteFilghts\wwwroot\clientApp\out-tsc\app\flightmanager\components\toolbar\toolbar.component.js
C:\DOTNET\Samples\Acme\Acme\AcmeRemoteFilghts\wwwroot\clientApp\out-tsc\app\flightmanager\components\toolbar\toolbar.component.js.map
C:\DOTNET\Samples\Acme\Acme\AcmeRemoteFilghts\wwwroot\clientApp\out-tsc\app\flightmanager\models\City.js
C:\DOTNET\Samples\Acme\Acme\AcmeRemoteFilghts\wwwroot\clientApp\out-tsc\app\flightmanager\models\City.js.map
C:\DOTNET\Samples\Acme\Acme\AcmeRemoteFilghts\wwwroot\clientApp\out-tsc\app\flightmanager\models\flight.js
C:\DOTNET\Samples\Acme\Acme\AcmeRemoteFilghts\wwwroot\clientApp\out-tsc\app\flightmanager\models\flight.js.map
C:\DOTNET\Samples\Acme\Acme\AcmeRemoteFilghts\wwwroot\clientApp\out-tsc\app\flightmanager\services\flight.service.js
C:\DOTNET\Samples\Acme\Acme\AcmeRemoteFilghts\wwwroot\clientApp\out-tsc\app\flightmanager\services\flight.service.js.map
C:\DOTNET\Samples\Acme\Acme\AcmeRemoteFilghts\wwwroot\clientApp\out-tsc\app\flightmanager\components\main-content\main-content.component.js
C:\DOTNET\Samples\Acme\Acme\AcmeRemoteFilghts\wwwroot\clientApp\out-tsc\app\flightmanager\components\main-content\main-content.component.js.map
C:\DOTNET\Samples\Acme\Acme\AcmeRemoteFilghts\wwwroot\clientApp\out-tsc\app\flightmanager\components\sidenav\sidenav.component.js
C:\DOTNET\Samples\Acme\Acme\AcmeRemoteFilghts\wwwroot\clientApp\out-tsc\app\flightmanager\components\sidenav\sidenav.component.js.map
C:\DOTNET\Samples\Acme\Acme\AcmeRemoteFilghts\wwwroot\clientApp\out-tsc\app\flightmanager\flightmanager.module.js
C:\DOTNET\Samples\Acme\Acme\AcmeRemoteFilghts\wwwroot\clientApp\out-tsc\app\flightmanager\flightmanager.module.js.map
C:\DOTNET\Samples\Acme\Acme\AcmeRemoteFilghts\wwwroot\clientApp\out-tsc\app\flightmanager\models\booking.js
C:\DOTNET\Samples\Acme\Acme\AcmeRemoteFilghts\wwwroot\clientApp\out-tsc\app\flightmanager\models\booking.js.map
C:\DOTNET\Samples\Acme\Acme\AcmeRemoteFilghts\wwwroot\clientApp\out-tsc\app\app.component.js
C:\DOTNET\Samples\Acme\Acme\AcmeRemoteFilghts\wwwroot\clientApp\out-tsc\app\app.component.js.map
C:\DOTNET\Samples\Acme\Acme\AcmeRemoteFilghts\wwwroot\clientApp\out-tsc\app\app.module.js
C:\DOTNET\Samples\Acme\Acme\AcmeRemoteFilghts\wwwroot\clientApp\out-tsc\app\app.module.js.map
C:\DOTNET\Samples\Acme\Acme\AcmeRemoteFilghts\wwwroot\clientApp\out-tsc\environments\environment.js
C:\DOTNET\Samples\Acme\Acme\AcmeRemoteFilghts\wwwroot\clientApp\out-tsc\environments\environment.js.map
C:\DOTNET\Samples\Acme\Acme\AcmeRemoteFilghts\wwwroot\clientApp\out-tsc\main.js
C:\DOTNET\Samples\Acme\Acme\AcmeRemoteFilghts\wwwroot\clientApp\out-tsc\main.js.map
C:\DOTNET\Samples\Acme\Acme\AcmeRemoteFilghts\wwwroot\clientApp\out-tsc\polyfills.js
C:\DOTNET\Samples\Acme\Acme\AcmeRemoteFilghts\wwwroot\clientApp\out-tsc\polyfills.js.map
C:\DOTNET\Samples\Acme\Acme\AcmeRemoteFilghts\wwwroot\clientApp\out-tsc\test.js
C:\DOTNET\Samples\Acme\Acme\AcmeRemoteFilghts\wwwroot\clientApp\out-tsc\test.js.map
C:\DOTNET\Samples\Acme\Acme\AcmeRemoteFilghts\wwwroot\clientApp\out-tsc\environments\environment.prod.js
C:\DOTNET\Samples\Acme\Acme\AcmeRemoteFilghts\wwwroot\clientApp\out-tsc\environments\environment.prod.js.map
C:\DOTNET\Samples\Acme\Acme\AcmeRemoteFilghts\wwwroot\clientApp\out-tsc\app\shared\material\material.module.js
C:\DOTNET\Samples\Acme\Acme\AcmeRemoteFilghts\wwwroot\clientApp\out-tsc\app\shared\material\material.module.js.map
C:\DOTNET\Samples\Acme\Acme\AcmeRemoteFilghts\wwwroot\clientApp\out-tsc\app\flightmanager\flightmanager-app.component.js
C:\DOTNET\Samples\Acme\Acme\AcmeRemoteFilghts\wwwroot\clientApp\out-tsc\app\flightmanager\flightmanager-app.component.js.map
C:\DOTNET\Samples\Acme\Acme\AcmeRemoteFilghts\wwwroot\clientApp\out-tsc\app\flightmanager\components\toolbar\toolbar.component.js
C:\DOTNET\Samples\Acme\Acme\AcmeRemoteFilghts\wwwroot\clientApp\out-tsc\app\flightmanager\components\toolbar\toolbar.component.js.map
C:\DOTNET\Samples\Acme\Acme\AcmeRemoteFilghts\wwwroot\clientApp\out-tsc\app\flightmanager\models\City.js
C:\DOTNET\Samples\Acme\Acme\AcmeRemoteFilghts\wwwroot\clientApp\out-tsc\app\flightmanager\models\City.js.map
C:\DOTNET\Samples\Acme\Acme\AcmeRemoteFilghts\wwwroot\clientApp\out-tsc\app\flightmanager\models\flight.js
C:\DOTNET\Samples\Acme\Acme\AcmeRemoteFilghts\wwwroot\clientApp\out-tsc\app\flightmanager\models\flight.js.map
C:\DOTNET\Samples\Acme\Acme\AcmeRemoteFilghts\wwwroot\clientApp\out-tsc\app\flightmanager\services\flight.service.js
C:\DOTNET\Samples\Acme\Acme\AcmeRemoteFilghts\wwwroot\clientApp\out-tsc\app\flightmanager\services\flight.service.js.map
C:\DOTNET\Samples\Acme\Acme\AcmeRemoteFilghts\wwwroot\clientApp\out-tsc\app\flightmanager\components\main-content\main-content.component.js
C:\DOTNET\Samples\Acme\Acme\AcmeRemoteFilghts\wwwroot\clientApp\out-tsc\app\flightmanager\components\main-content\main-content.component.js.map
C:\DOTNET\Samples\Acme\Acme\AcmeRemoteFilghts\wwwroot\clientApp\out-tsc\app\flightmanager\components\sidenav\sidenav.component.js
C:\DOTNET\Samples\Acme\Acme\AcmeRemoteFilghts\wwwroot\clientApp\out-tsc\app\flightmanager\components\sidenav\sidenav.component.js.map
C:\DOTNET\Samples\Acme\Acme\AcmeRemoteFilghts\wwwroot\clientApp\out-tsc\app\flightmanager\flightmanager.module.js
C:\DOTNET\Samples\Acme\Acme\AcmeRemoteFilghts\wwwroot\clientApp\out-tsc\app\flightmanager\flightmanager.module.js.map
C:\DOTNET\Samples\Acme\Acme\AcmeRemoteFilghts\wwwroot\clientApp\out-tsc\app\flightmanager\models\booking.js
C:\DOTNET\Samples\Acme\Acme\AcmeRemoteFilghts\wwwroot\clientApp\out-tsc\app\flightmanager\models\booking.js.map
C:\DOTNET\Samples\Acme\Acme\AcmeRemoteFilghts\wwwroot\clientApp\out-tsc\app\app.component.js
C:\DOTNET\Samples\Acme\Acme\AcmeRemoteFilghts\wwwroot\clientApp\out-tsc\app\app.component.js.map
C:\DOTNET\Samples\Acme\Acme\AcmeRemoteFilghts\wwwroot\clientApp\out-tsc\app\app.module.js
C:\DOTNET\Samples\Acme\Acme\AcmeRemoteFilghts\wwwroot\clientApp\out-tsc\app\app.module.js.map
C:\DOTNET\Samples\Acme\Acme\AcmeRemoteFilghts\wwwroot\clientApp\out-tsc\environments\environment.js
C:\DOTNET\Samples\Acme\Acme\AcmeRemoteFilghts\wwwroot\clientApp\out-tsc\environments\environment.js.map
C:\DOTNET\Samples\Acme\Acme\AcmeRemoteFilghts\wwwroot\clientApp\out-tsc\main.js
C:\DOTNET\Samples\Acme\Acme\AcmeRemoteFilghts\wwwroot\clientApp\out-tsc\main.js.map
C:\DOTNET\Samples\Acme\Acme\AcmeRemoteFilghts\wwwroot\clientApp\out-tsc\polyfills.js
C:\DOTNET\Samples\Acme\Acme\AcmeRemoteFilghts\wwwroot\clientApp\out-tsc\polyfills.js.map
C:\DOTNET\Samples\Acme\Acme\AcmeRemoteFilghts\wwwroot\clientApp\out-tsc\test.js
C:\DOTNET\Samples\Acme\Acme\AcmeRemoteFilghts\wwwroot\clientApp\out-tsc\test.js.map
C:\DOTNET\Samples\Acme\Acme\AcmeRemoteFilghts\wwwroot\clientApp\out-tsc\environments\environment.prod.js
C:\DOTNET\Samples\Acme\Acme\AcmeRemoteFilghts\wwwroot\clientApp\out-tsc\environments\environment.prod.js.map
C:\DOTNET\Samples\Acme\Acme\AcmeRemoteFilghts\wwwroot\clientApp\out-tsc\app\shared\material\material.module.js
C:\DOTNET\Samples\Acme\Acme\AcmeRemoteFilghts\wwwroot\clientApp\out-tsc\app\shared\material\material.module.js.map
C:\DOTNET\Samples\Acme\Acme\AcmeRemoteFilghts\wwwroot\clientApp\out-tsc\app\flightmanager\flightmanager-app.component.js
C:\DOTNET\Samples\Acme\Acme\AcmeRemoteFilghts\wwwroot\clientApp\out-tsc\app\flightmanager\flightmanager-app.component.js.map
C:\DOTNET\Samples\Acme\Acme\AcmeRemoteFilghts\wwwroot\clientApp\out-tsc\app\flightmanager\components\toolbar\toolbar.component.js
C:\DOTNET\Samples\Acme\Acme\AcmeRemoteFilghts\wwwroot\clientApp\out-tsc\app\flightmanager\components\toolbar\toolbar.component.js.map
C:\DOTNET\Samples\Acme\Acme\AcmeRemoteFilghts\wwwroot\clientApp\out-tsc\app\flightmanager\models\City.js
C:\DOTNET\Samples\Acme\Acme\AcmeRemoteFilghts\wwwroot\clientApp\out-tsc\app\flightmanager\models\City.js.map
C:\DOTNET\Samples\Acme\Acme\AcmeRemoteFilghts\wwwroot\clientApp\out-tsc\app\flightmanager\models\flight.js
C:\DOTNET\Samples\Acme\Acme\AcmeRemoteFilghts\wwwroot\clientApp\out-tsc\app\flightmanager\models\flight.js.map
C:\DOTNET\Samples\Acme\Acme\AcmeRemoteFilghts\wwwroot\clientApp\out-tsc\app\flightmanager\services\flight.service.js
C:\DOTNET\Samples\Acme\Acme\AcmeRemoteFilghts\wwwroot\clientApp\out-tsc\app\flightmanager\services\flight.service.js.map
C:\DOTNET\Samples\Acme\Acme\AcmeRemoteFilghts\wwwroot\clientApp\out-tsc\app\flightmanager\components\main-content\main-content.component.js
C:\DOTNET\Samples\Acme\Acme\AcmeRemoteFilghts\wwwroot\clientApp\out-tsc\app\flightmanager\components\main-content\main-content.component.js.map
C:\DOTNET\Samples\Acme\Acme\AcmeRemoteFilghts\wwwroot\clientApp\out-tsc\app\flightmanager\components\sidenav\sidenav.component.js
C:\DOTNET\Samples\Acme\Acme\AcmeRemoteFilghts\wwwroot\clientApp\out-tsc\app\flightmanager\components\sidenav\sidenav.component.js.map
C:\DOTNET\Samples\Acme\Acme\AcmeRemoteFilghts\wwwroot\clientApp\out-tsc\app\flightmanager\flightmanager.module.js
C:\DOTNET\Samples\Acme\Acme\AcmeRemoteFilghts\wwwroot\clientApp\out-tsc\app\flightmanager\flightmanager.module.js.map
C:\DOTNET\Samples\Acme\Acme\AcmeRemoteFilghts\wwwroot\clientApp\out-tsc\app\flightmanager\models\booking.js
C:\DOTNET\Samples\Acme\Acme\AcmeRemoteFilghts\wwwroot\clientApp\out-tsc\app\flightmanager\models\booking.js.map
C:\DOTNET\Samples\Acme\Acme\AcmeRemoteFilghts\wwwroot\clientApp\out-tsc\app\app.component.js
C:\DOTNET\Samples\Acme\Acme\AcmeRemoteFilghts\wwwroot\clientApp\out-tsc\app\app.component.js.map
C:\DOTNET\Samples\Acme\Acme\AcmeRemoteFilghts\wwwroot\clientApp\out-tsc\app\app.module.js
C:\DOTNET\Samples\Acme\Acme\AcmeRemoteFilghts\wwwroot\clientApp\out-tsc\app\app.module.js.map
C:\DOTNET\Samples\Acme\Acme\AcmeRemoteFilghts\wwwroot\clientApp\out-tsc\environments\environment.js
C:\DOTNET\Samples\Acme\Acme\AcmeRemoteFilghts\wwwroot\clientApp\out-tsc\environments\environment.js.map
C:\DOTNET\Samples\Acme\Acme\AcmeRemoteFilghts\wwwroot\clientApp\out-tsc\main.js
C:\DOTNET\Samples\Acme\Acme\AcmeRemoteFilghts\wwwroot\clientApp\out-tsc\main.js.map
C:\DOTNET\Samples\Acme\Acme\AcmeRemoteFilghts\wwwroot\clientApp\out-tsc\polyfills.js
C:\DOTNET\Samples\Acme\Acme\AcmeRemoteFilghts\wwwroot\clientApp\out-tsc\polyfills.js.map
C:\DOTNET\Samples\Acme\Acme\AcmeRemoteFilghts\wwwroot\clientApp\out-tsc\test.js
C:\DOTNET\Samples\Acme\Acme\AcmeRemoteFilghts\wwwroot\clientApp\out-tsc\test.js.map
C:\DOTNET\Samples\Acme\Acme\AcmeRemoteFilghts\wwwroot\clientApp\out-tsc\environments\environment.prod.js
C:\DOTNET\Samples\Acme\Acme\AcmeRemoteFilghts\wwwroot\clientApp\out-tsc\environments\environment.prod.js.map
C:\DOTNET\Samples\Acme\Acme\AcmeRemoteFilghts\wwwroot\clientApp\out-tsc\app\shared\material\material.module.js
C:\DOTNET\Samples\Acme\Acme\AcmeRemoteFilghts\wwwroot\clientApp\out-tsc\app\shared\material\material.module.js.map
C:\DOTNET\Samples\Acme\Acme\AcmeRemoteFilghts\wwwroot\clientApp\out-tsc\app\flightmanager\flightmanager-app.component.js
C:\DOTNET\Samples\Acme\Acme\AcmeRemoteFilghts\wwwroot\clientApp\out-tsc\app\flightmanager\flightmanager-app.component.js.map
C:\DOTNET\Samples\Acme\Acme\AcmeRemoteFilghts\wwwroot\clientApp\out-tsc\app\flightmanager\components\toolbar\toolbar.component.js
C:\DOTNET\Samples\Acme\Acme\AcmeRemoteFilghts\wwwroot\clientApp\out-tsc\app\flightmanager\components\toolbar\toolbar.component.js.map
C:\DOTNET\Samples\Acme\Acme\AcmeRemoteFilghts\wwwroot\clientApp\out-tsc\app\flightmanager\models\City.js
C:\DOTNET\Samples\Acme\Acme\AcmeRemoteFilghts\wwwroot\clientApp\out-tsc\app\flightmanager\models\City.js.map
C:\DOTNET\Samples\Acme\Acme\AcmeRemoteFilghts\wwwroot\clientApp\out-tsc\app\flightmanager\models\flight.js
C:\DOTNET\Samples\Acme\Acme\AcmeRemoteFilghts\wwwroot\clientApp\out-tsc\app\flightmanager\models\flight.js.map
C:\DOTNET\Samples\Acme\Acme\AcmeRemoteFilghts\wwwroot\clientApp\out-tsc\app\flightmanager\services\flight.service.js
C:\DOTNET\Samples\Acme\Acme\AcmeRemoteFilghts\wwwroot\clientApp\out-tsc\app\flightmanager\services\flight.service.js.map
C:\DOTNET\Samples\Acme\Acme\AcmeRemoteFilghts\wwwroot\clientApp\out-tsc\app\flightmanager\components\main-content\main-content.component.js
C:\DOTNET\Samples\Acme\Acme\AcmeRemoteFilghts\wwwroot\clientApp\out-tsc\app\flightmanager\components\main-content\main-content.component.js.map
C:\DOTNET\Samples\Acme\Acme\AcmeRemoteFilghts\wwwroot\clientApp\out-tsc\app\flightmanager\components\sidenav\sidenav.component.js
C:\DOTNET\Samples\Acme\Acme\AcmeRemoteFilghts\wwwroot\clientApp\out-tsc\app\flightmanager\components\sidenav\sidenav.component.js.map
C:\DOTNET\Samples\Acme\Acme\AcmeRemoteFilghts\wwwroot\clientApp\out-tsc\app\flightmanager\flightmanager.module.js
C:\DOTNET\Samples\Acme\Acme\AcmeRemoteFilghts\wwwroot\clientApp\out-tsc\app\flightmanager\flightmanager.module.js.map
C:\DOTNET\Samples\Acme\Acme\AcmeRemoteFilghts\wwwroot\clientApp\out-tsc\app\flightmanager\models\booking.js
C:\DOTNET\Samples\Acme\Acme\AcmeRemoteFilghts\wwwroot\clientApp\out-tsc\app\flightmanager\models\booking.js.map
C:\DOTNET\Samples\Acme\Acme\AcmeRemoteFilghts\wwwroot\clientApp\out-tsc\app\app.component.js
C:\DOTNET\Samples\Acme\Acme\AcmeRemoteFilghts\wwwroot\clientApp\out-tsc\app\app.component.js.map
C:\DOTNET\Samples\Acme\Acme\AcmeRemoteFilghts\wwwroot\clientApp\out-tsc\app\app.module.js
C:\DOTNET\Samples\Acme\Acme\AcmeRemoteFilghts\wwwroot\clientApp\out-tsc\app\app.module.js.map
C:\DOTNET\Samples\Acme\Acme\AcmeRemoteFilghts\wwwroot\clientApp\out-tsc\environments\environment.js
C:\DOTNET\Samples\Acme\Acme\AcmeRemoteFilghts\wwwroot\clientApp\out-tsc\environments\environment.js.map
C:\DOTNET\Samples\Acme\Acme\AcmeRemoteFilghts\wwwroot\clientApp\out-tsc\main.js
C:\DOTNET\Samples\Acme\Acme\AcmeRemoteFilghts\wwwroot\clientApp\out-tsc\main.js.map
C:\DOTNET\Samples\Acme\Acme\AcmeRemoteFilghts\wwwroot\clientApp\out-tsc\polyfills.js
C:\DOTNET\Samples\Acme\Acme\AcmeRemoteFilghts\wwwroot\clientApp\out-tsc\polyfills.js.map
C:\DOTNET\Samples\Acme\Acme\AcmeRemoteFilghts\wwwroot\clientApp\out-tsc\test.js
C:\DOTNET\Samples\Acme\Acme\AcmeRemoteFilghts\wwwroot\clientApp\out-tsc\test.js.map
C:\DOTNET\Samples\Acme\Acme\AcmeRemoteFilghts\wwwroot\clientApp\out-tsc\environments\environment.prod.js
C:\DOTNET\Samples\Acme\Acme\AcmeRemoteFilghts\wwwroot\clientApp\out-tsc\environments\environment.prod.js.map
C:\DOTNET\Samples\Acme\Acme\AcmeRemoteFilghts\wwwroot\clientApp\out-tsc\app\shared\material\material.module.js
C:\DOTNET\Samples\Acme\Acme\AcmeRemoteFilghts\wwwroot\clientApp\out-tsc\app\shared\material\material.module.js.map
C:\DOTNET\Samples\Acme\Acme\AcmeRemoteFilghts\wwwroot\clientApp\out-tsc\app\flightmanager\flightmanager-app.component.js
C:\DOTNET\Samples\Acme\Acme\AcmeRemoteFilghts\wwwroot\clientApp\out-tsc\app\flightmanager\flightmanager-app.component.js.map
C:\DOTNET\Samples\Acme\Acme\AcmeRemoteFilghts\wwwroot\clientApp\out-tsc\app\flightmanager\components\toolbar\toolbar.component.js
C:\DOTNET\Samples\Acme\Acme\AcmeRemoteFilghts\wwwroot\clientApp\out-tsc\app\flightmanager\components\toolbar\toolbar.component.js.map
C:\DOTNET\Samples\Acme\Acme\AcmeRemoteFilghts\wwwroot\clientApp\out-tsc\app\flightmanager\models\City.js
C:\DOTNET\Samples\Acme\Acme\AcmeRemoteFilghts\wwwroot\clientApp\out-tsc\app\flightmanager\models\City.js.map
C:\DOTNET\Samples\Acme\Acme\AcmeRemoteFilghts\wwwroot\clientApp\out-tsc\app\flightmanager\models\flight.js
C:\DOTNET\Samples\Acme\Acme\AcmeRemoteFilghts\wwwroot\clientApp\out-tsc\app\flightmanager\models\flight.js.map
C:\DOTNET\Samples\Acme\Acme\AcmeRemoteFilghts\wwwroot\clientApp\out-tsc\app\flightmanager\services\flight.service.js
C:\DOTNET\Samples\Acme\Acme\AcmeRemoteFilghts\wwwroot\clientApp\out-tsc\app\flightmanager\services\flight.service.js.map
C:\DOTNET\Samples\Acme\Acme\AcmeRemoteFilghts\wwwroot\clientApp\out-tsc\app\flightmanager\components\main-content\main-content.component.js
C:\DOTNET\Samples\Acme\Acme\AcmeRemoteFilghts\wwwroot\clientApp\out-tsc\app\flightmanager\components\main-content\main-content.component.js.map
C:\DOTNET\Samples\Acme\Acme\AcmeRemoteFilghts\wwwroot\clientApp\out-tsc\app\flightmanager\components\sidenav\sidenav.component.js
C:\DOTNET\Samples\Acme\Acme\AcmeRemoteFilghts\wwwroot\clientApp\out-tsc\app\flightmanager\components\sidenav\sidenav.component.js.map
C:\DOTNET\Samples\Acme\Acme\AcmeRemoteFilghts\wwwroot\clientApp\out-tsc\app\flightmanager\flightmanager.module.js
C:\DOTNET\Samples\Acme\Acme\AcmeRemoteFilghts\wwwroot\clientApp\out-tsc\app\flightmanager\flightmanager.module.js.map
C:\DOTNET\Samples\Acme\Acme\AcmeRemoteFilghts\wwwroot\clientApp\out-tsc\app\flightmanager\models\booking.js
C:\DOTNET\Samples\Acme\Acme\AcmeRemoteFilghts\wwwroot\clientApp\out-tsc\app\flightmanager\models\booking.js.map
C:\DOTNET\Samples\Acme\Acme\AcmeRemoteFilghts\wwwroot\clientApp\out-tsc\app\app.component.js
C:\DOTNET\Samples\Acme\Acme\AcmeRemoteFilghts\wwwroot\clientApp\out-tsc\app\app.component.js.map
C:\DOTNET\Samples\Acme\Acme\AcmeRemoteFilghts\wwwroot\clientApp\out-tsc\app\app.module.js
C:\DOTNET\Samples\Acme\Acme\AcmeRemoteFilghts\wwwroot\clientApp\out-tsc\app\app.module.js.map
C:\DOTNET\Samples\Acme\Acme\AcmeRemoteFilghts\wwwroot\clientApp\out-tsc\environments\environment.js
C:\DOTNET\Samples\Acme\Acme\AcmeRemoteFilghts\wwwroot\clientApp\out-tsc\environments\environment.js.map
C:\DOTNET\Samples\Acme\Acme\AcmeRemoteFilghts\wwwroot\clientApp\out-tsc\main.js
C:\DOTNET\Samples\Acme\Acme\AcmeRemoteFilghts\wwwroot\clientApp\out-tsc\main.js.map
C:\DOTNET\Samples\Acme\Acme\AcmeRemoteFilghts\wwwroot\clientApp\out-tsc\polyfills.js
C:\DOTNET\Samples\Acme\Acme\AcmeRemoteFilghts\wwwroot\clientApp\out-tsc\polyfills.js.map
C:\DOTNET\Samples\Acme\Acme\AcmeRemoteFilghts\wwwroot\clientApp\out-tsc\test.js
C:\DOTNET\Samples\Acme\Acme\AcmeRemoteFilghts\wwwroot\clientApp\out-tsc\test.js.map
C:\DOTNET\Samples\Acme\Acme\AcmeRemoteFilghts\wwwroot\clientApp\out-tsc\environments\environment.prod.js
C:\DOTNET\Samples\Acme\Acme\AcmeRemoteFilghts\wwwroot\clientApp\out-tsc\environments\environment.prod.js.map
C:\DOTNET\Samples\Acme\Acme\AcmeRemoteFilghts\wwwroot\clientApp\out-tsc\app\shared\material\material.module.js
C:\DOTNET\Samples\Acme\Acme\AcmeRemoteFilghts\wwwroot\clientApp\out-tsc\app\shared\material\material.module.js.map
C:\DOTNET\Samples\Acme\Acme\AcmeRemoteFilghts\wwwroot\clientApp\out-tsc\app\flightmanager\flightmanager-app.component.js
C:\DOTNET\Samples\Acme\Acme\AcmeRemoteFilghts\wwwroot\clientApp\out-tsc\app\flightmanager\flightmanager-app.component.js.map
C:\DOTNET\Samples\Acme\Acme\AcmeRemoteFilghts\wwwroot\clientApp\out-tsc\app\flightmanager\components\toolbar\toolbar.component.js
C:\DOTNET\Samples\Acme\Acme\AcmeRemoteFilghts\wwwroot\clientApp\out-tsc\app\flightmanager\components\toolbar\toolbar.component.js.map
C:\DOTNET\Samples\Acme\Acme\AcmeRemoteFilghts\wwwroot\clientApp\out-tsc\app\flightmanager\models\City.js
C:\DOTNET\Samples\Acme\Acme\AcmeRemoteFilghts\wwwroot\clientApp\out-tsc\app\flightmanager\models\City.js.map
C:\DOTNET\Samples\Acme\Acme\AcmeRemoteFilghts\wwwroot\clientApp\out-tsc\app\flightmanager\models\flight.js
C:\DOTNET\Samples\Acme\Acme\AcmeRemoteFilghts\wwwroot\clientApp\out-tsc\app\flightmanager\models\flight.js.map
C:\DOTNET\Samples\Acme\Acme\AcmeRemoteFilghts\wwwroot\clientApp\out-tsc\app\flightmanager\services\flight.service.js
C:\DOTNET\Samples\Acme\Acme\AcmeRemoteFilghts\wwwroot\clientApp\out-tsc\app\flightmanager\services\flight.service.js.map
C:\DOTNET\Samples\Acme\Acme\AcmeRemoteFilghts\wwwroot\clientApp\out-tsc\app\flightmanager\components\main-content\main-content.component.js
C:\DOTNET\Samples\Acme\Acme\AcmeRemoteFilghts\wwwroot\clientApp\out-tsc\app\flightmanager\components\main-content\main-content.component.js.map
C:\DOTNET\Samples\Acme\Acme\AcmeRemoteFilghts\wwwroot\clientApp\out-tsc\app\flightmanager\components\sidenav\sidenav.component.js
C:\DOTNET\Samples\Acme\Acme\AcmeRemoteFilghts\wwwroot\clientApp\out-tsc\app\flightmanager\components\sidenav\sidenav.component.js.map
C:\DOTNET\Samples\Acme\Acme\AcmeRemoteFilghts\wwwroot\clientApp\out-tsc\app\flightmanager\flightmanager.module.js
C:\DOTNET\Samples\Acme\Acme\AcmeRemoteFilghts\wwwroot\clientApp\out-tsc\app\flightmanager\flightmanager.module.js.map
C:\DOTNET\Samples\Acme\Acme\AcmeRemoteFilghts\wwwroot\clientApp\out-tsc\app\flightmanager\models\booking.js
C:\DOTNET\Samples\Acme\Acme\AcmeRemoteFilghts\wwwroot\clientApp\out-tsc\app\flightmanager\models\booking.js.map
C:\DOTNET\Samples\Acme\Acme\AcmeRemoteFilghts\wwwroot\clientApp\out-tsc\app\app.component.js
C:\DOTNET\Samples\Acme\Acme\AcmeRemoteFilghts\wwwroot\clientApp\out-tsc\app\app.component.js.map
C:\DOTNET\Samples\Acme\Acme\AcmeRemoteFilghts\wwwroot\clientApp\out-tsc\app\app.module.js
C:\DOTNET\Samples\Acme\Acme\AcmeRemoteFilghts\wwwroot\clientApp\out-tsc\app\app.module.js.map
C:\DOTNET\Samples\Acme\Acme\AcmeRemoteFilghts\wwwroot\clientApp\out-tsc\environments\environment.js
C:\DOTNET\Samples\Acme\Acme\AcmeRemoteFilghts\wwwroot\clientApp\out-tsc\environments\environment.js.map
C:\DOTNET\Samples\Acme\Acme\AcmeRemoteFilghts\wwwroot\clientApp\out-tsc\main.js
C:\DOTNET\Samples\Acme\Acme\AcmeRemoteFilghts\wwwroot\clientApp\out-tsc\main.js.map
C:\DOTNET\Samples\Acme\Acme\AcmeRemoteFilghts\wwwroot\clientApp\out-tsc\polyfills.js
C:\DOTNET\Samples\Acme\Acme\AcmeRemoteFilghts\wwwroot\clientApp\out-tsc\polyfills.js.map
C:\DOTNET\Samples\Acme\Acme\AcmeRemoteFilghts\wwwroot\clientApp\out-tsc\test.js
C:\DOTNET\Samples\Acme\Acme\AcmeRemoteFilghts\wwwroot\clientApp\out-tsc\test.js.map
C:\DOTNET\Samples\Acme\Acme\AcmeRemoteFilghts\wwwroot\clientApp\out-tsc\environments\environment.prod.js
C:\DOTNET\Samples\Acme\Acme\AcmeRemoteFilghts\wwwroot\clientApp\out-tsc\environments\environment.prod.js.map
C:\DOTNET\Samples\Acme\Acme\AcmeRemoteFilghts\wwwroot\clientApp\out-tsc\app\shared\material\material.module.js
C:\DOTNET\Samples\Acme\Acme\AcmeRemoteFilghts\wwwroot\clientApp\out-tsc\app\shared\material\material.module.js.map
C:\DOTNET\Samples\Acme\Acme\AcmeRemoteFilghts\wwwroot\clientApp\out-tsc\app\flightmanager\flightmanager-app.component.js
C:\DOTNET\Samples\Acme\Acme\AcmeRemoteFilghts\wwwroot\clientApp\out-tsc\app\flightmanager\flightmanager-app.component.js.map
C:\DOTNET\Samples\Acme\Acme\AcmeRemoteFilghts\wwwroot\clientApp\out-tsc\app\flightmanager\components\toolbar\toolbar.component.js
C:\DOTNET\Samples\Acme\Acme\AcmeRemoteFilghts\wwwroot\clientApp\out-tsc\app\flightmanager\components\toolbar\toolbar.component.js.map
C:\DOTNET\Samples\Acme\Acme\AcmeRemoteFilghts\wwwroot\clientApp\out-tsc\app\flightmanager\models\City.js
C:\DOTNET\Samples\Acme\Acme\AcmeRemoteFilghts\wwwroot\clientApp\out-tsc\app\flightmanager\models\City.js.map
C:\DOTNET\Samples\Acme\Acme\AcmeRemoteFilghts\wwwroot\clientApp\out-tsc\app\flightmanager\models\flight.js
C:\DOTNET\Samples\Acme\Acme\AcmeRemoteFilghts\wwwroot\clientApp\out-tsc\app\flightmanager\models\flight.js.map
C:\DOTNET\Samples\Acme\Acme\AcmeRemoteFilghts\wwwroot\clientApp\out-tsc\app\flightmanager\services\flight.service.js
C:\DOTNET\Samples\Acme\Acme\AcmeRemoteFilghts\wwwroot\clientApp\out-tsc\app\flightmanager\services\flight.service.js.map
C:\DOTNET\Samples\Acme\Acme\AcmeRemoteFilghts\wwwroot\clientApp\out-tsc\app\flightmanager\components\main-content\main-content.component.js
C:\DOTNET\Samples\Acme\Acme\AcmeRemoteFilghts\wwwroot\clientApp\out-tsc\app\flightmanager\components\main-content\main-content.component.js.map
C:\DOTNET\Samples\Acme\Acme\AcmeRemoteFilghts\wwwroot\clientApp\out-tsc\app\flightmanager\components\sidenav\sidenav.component.js
C:\DOTNET\Samples\Acme\Acme\AcmeRemoteFilghts\wwwroot\clientApp\out-tsc\app\flightmanager\components\sidenav\sidenav.component.js.map
C:\DOTNET\Samples\Acme\Acme\AcmeRemoteFilghts\wwwroot\clientApp\out-tsc\app\flightmanager\flightmanager.module.js
C:\DOTNET\Samples\Acme\Acme\AcmeRemoteFilghts\wwwroot\clientApp\out-tsc\app\flightmanager\flightmanager.module.js.map
C:\DOTNET\Samples\Acme\Acme\AcmeRemoteFilghts\wwwroot\clientApp\out-tsc\app\flightmanager\models\booking.js
C:\DOTNET\Samples\Acme\Acme\AcmeRemoteFilghts\wwwroot\clientApp\out-tsc\app\flightmanager\models\booking.js.map
C:\DOTNET\Samples\Acme\Acme\AcmeRemoteFilghts\wwwroot\clientApp\out-tsc\app\app.component.js
C:\DOTNET\Samples\Acme\Acme\AcmeRemoteFilghts\wwwroot\clientApp\out-tsc\app\app.component.js.map
C:\DOTNET\Samples\Acme\Acme\AcmeRemoteFilghts\wwwroot\clientApp\out-tsc\app\app.module.js
C:\DOTNET\Samples\Acme\Acme\AcmeRemoteFilghts\wwwroot\clientApp\out-tsc\app\app.module.js.map
C:\DOTNET\Samples\Acme\Acme\AcmeRemoteFilghts\wwwroot\clientApp\out-tsc\environments\environment.js
C:\DOTNET\Samples\Acme\Acme\AcmeRemoteFilghts\wwwroot\clientApp\out-tsc\environments\environment.js.map
C:\DOTNET\Samples\Acme\Acme\AcmeRemoteFilghts\wwwroot\clientApp\out-tsc\main.js
C:\DOTNET\Samples\Acme\Acme\AcmeRemoteFilghts\wwwroot\clientApp\out-tsc\main.js.map
C:\DOTNET\Samples\Acme\Acme\AcmeRemoteFilghts\wwwroot\clientApp\out-tsc\polyfills.js
C:\DOTNET\Samples\Acme\Acme\AcmeRemoteFilghts\wwwroot\clientApp\out-tsc\polyfills.js.map
C:\DOTNET\Samples\Acme\Acme\AcmeRemoteFilghts\wwwroot\clientApp\out-tsc\test.js
C:\DOTNET\Samples\Acme\Acme\AcmeRemoteFilghts\wwwroot\clientApp\out-tsc\test.js.map
C:\DOTNET\Samples\Acme\Acme\AcmeRemoteFilghts\wwwroot\clientApp\out-tsc\environments\environment.prod.js
C:\DOTNET\Samples\Acme\Acme\AcmeRemoteFilghts\wwwroot\clientApp\out-tsc\environments\environment.prod.js.map
C:\DOTNET\Samples\Acme\Acme\AcmeRemoteFilghts\wwwroot\clientApp\out-tsc\app\shared\material\material.module.js
C:\DOTNET\Samples\Acme\Acme\AcmeRemoteFilghts\wwwroot\clientApp\out-tsc\app\shared\material\material.module.js.map
C:\DOTNET\Samples\Acme\Acme\AcmeRemoteFilghts\wwwroot\clientApp\out-tsc\app\flightmanager\flightmanager-app.component.js
C:\DOTNET\Samples\Acme\Acme\AcmeRemoteFilghts\wwwroot\clientApp\out-tsc\app\flightmanager\flightmanager-app.component.js.map
C:\DOTNET\Samples\Acme\Acme\AcmeRemoteFilghts\wwwroot\clientApp\out-tsc\app\flightmanager\components\toolbar\toolbar.component.js
C:\DOTNET\Samples\Acme\Acme\AcmeRemoteFilghts\wwwroot\clientApp\out-tsc\app\flightmanager\components\toolbar\toolbar.component.js.map
C:\DOTNET\Samples\Acme\Acme\AcmeRemoteFilghts\wwwroot\clientApp\out-tsc\app\flightmanager\models\City.js
C:\DOTNET\Samples\Acme\Acme\AcmeRemoteFilghts\wwwroot\clientApp\out-tsc\app\flightmanager\models\City.js.map
C:\DOTNET\Samples\Acme\Acme\AcmeRemoteFilghts\wwwroot\clientApp\out-tsc\app\flightmanager\models\flight.js
C:\DOTNET\Samples\Acme\Acme\AcmeRemoteFilghts\wwwroot\clientApp\out-tsc\app\flightmanager\models\flight.js.map
C:\DOTNET\Samples\Acme\Acme\AcmeRemoteFilghts\wwwroot\clientApp\out-tsc\app\flightmanager\services\flight.service.js
C:\DOTNET\Samples\Acme\Acme\AcmeRemoteFilghts\wwwroot\clientApp\out-tsc\app\flightmanager\services\flight.service.js.map
C:\DOTNET\Samples\Acme\Acme\AcmeRemoteFilghts\wwwroot\clientApp\out-tsc\app\flightmanager\components\main-content\main-content.component.js
C:\DOTNET\Samples\Acme\Acme\AcmeRemoteFilghts\wwwroot\clientApp\out-tsc\app\flightmanager\components\main-content\main-content.component.js.map
C:\DOTNET\Samples\Acme\Acme\AcmeRemoteFilghts\wwwroot\clientApp\out-tsc\app\flightmanager\components\sidenav\sidenav.component.js
C:\DOTNET\Samples\Acme\Acme\AcmeRemoteFilghts\wwwroot\clientApp\out-tsc\app\flightmanager\components\sidenav\sidenav.component.js.map
C:\DOTNET\Samples\Acme\Acme\AcmeRemoteFilghts\wwwroot\clientApp\out-tsc\app\flightmanager\flightmanager.module.js
C:\DOTNET\Samples\Acme\Acme\AcmeRemoteFilghts\wwwroot\clientApp\out-tsc\app\flightmanager\flightmanager.module.js.map
C:\DOTNET\Samples\Acme\Acme\AcmeRemoteFilghts\wwwroot\clientApp\out-tsc\app\flightmanager\models\booking.js
C:\DOTNET\Samples\Acme\Acme\AcmeRemoteFilghts\wwwroot\clientApp\out-tsc\app\flightmanager\models\booking.js.map
C:\DOTNET\Samples\Acme\Acme\AcmeRemoteFilghts\wwwroot\clientApp\out-tsc\app\app.component.js
C:\DOTNET\Samples\Acme\Acme\AcmeRemoteFilghts\wwwroot\clientApp\out-tsc\app\app.component.js.map
C:\DOTNET\Samples\Acme\Acme\AcmeRemoteFilghts\wwwroot\clientApp\out-tsc\app\app.module.js
C:\DOTNET\Samples\Acme\Acme\AcmeRemoteFilghts\wwwroot\clientApp\out-tsc\app\app.module.js.map
C:\DOTNET\Samples\Acme\Acme\AcmeRemoteFilghts\wwwroot\clientApp\out-tsc\environments\environment.js
C:\DOTNET\Samples\Acme\Acme\AcmeRemoteFilghts\wwwroot\clientApp\out-tsc\environments\environment.js.map
C:\DOTNET\Samples\Acme\Acme\AcmeRemoteFilghts\wwwroot\clientApp\out-tsc\main.js
C:\DOTNET\Samples\Acme\Acme\AcmeRemoteFilghts\wwwroot\clientApp\out-tsc\main.js.map
C:\DOTNET\Samples\Acme\Acme\AcmeRemoteFilghts\wwwroot\clientApp\out-tsc\polyfills.js
C:\DOTNET\Samples\Acme\Acme\AcmeRemoteFilghts\wwwroot\clientApp\out-tsc\polyfills.js.map
C:\DOTNET\Samples\Acme\Acme\AcmeRemoteFilghts\wwwroot\clientApp\out-tsc\test.js
C:\DOTNET\Samples\Acme\Acme\AcmeRemoteFilghts\wwwroot\clientApp\out-tsc\test.js.map
C:\DOTNET\Samples\Acme\Acme\AcmeRemoteFilghts\wwwroot\clientApp\out-tsc\environments\environment.prod.js
C:\DOTNET\Samples\Acme\Acme\AcmeRemoteFilghts\wwwroot\clientApp\out-tsc\environments\environment.prod.js.map
C:\DOTNET\Samples\Acme\Acme\AcmeRemoteFilghts\wwwroot\clientApp\out-tsc\app\shared\material\material.module.js
C:\DOTNET\Samples\Acme\Acme\AcmeRemoteFilghts\wwwroot\clientApp\out-tsc\app\shared\material\material.module.js.map
C:\DOTNET\Samples\Acme\Acme\AcmeRemoteFilghts\wwwroot\clientApp\out-tsc\app\flightmanager\flightmanager-app.component.js
C:\DOTNET\Samples\Acme\Acme\AcmeRemoteFilghts\wwwroot\clientApp\out-tsc\app\flightmanager\flightmanager-app.component.js.map
C:\DOTNET\Samples\Acme\Acme\AcmeRemoteFilghts\wwwroot\clientApp\out-tsc\app\flightmanager\components\toolbar\toolbar.component.js
C:\DOTNET\Samples\Acme\Acme\AcmeRemoteFilghts\wwwroot\clientApp\out-tsc\app\flightmanager\components\toolbar\toolbar.component.js.map
C:\DOTNET\Samples\Acme\Acme\AcmeRemoteFilghts\wwwroot\clientApp\out-tsc\app\flightmanager\models\City.js
C:\DOTNET\Samples\Acme\Acme\AcmeRemoteFilghts\wwwroot\clientApp\out-tsc\app\flightmanager\models\City.js.map
C:\DOTNET\Samples\Acme\Acme\AcmeRemoteFilghts\wwwroot\clientApp\out-tsc\app\flightmanager\models\flight.js
C:\DOTNET\Samples\Acme\Acme\AcmeRemoteFilghts\wwwroot\clientApp\out-tsc\app\flightmanager\models\flight.js.map
C:\DOTNET\Samples\Acme\Acme\AcmeRemoteFilghts\wwwroot\clientApp\out-tsc\app\flightmanager\services\flight.service.js
C:\DOTNET\Samples\Acme\Acme\AcmeRemoteFilghts\wwwroot\clientApp\out-tsc\app\flightmanager\services\flight.service.js.map
C:\DOTNET\Samples\Acme\Acme\AcmeRemoteFilghts\wwwroot\clientApp\out-tsc\app\flightmanager\components\main-content\main-content.component.js
C:\DOTNET\Samples\Acme\Acme\AcmeRemoteFilghts\wwwroot\clientApp\out-tsc\app\flightmanager\components\main-content\main-content.component.js.map
C:\DOTNET\Samples\Acme\Acme\AcmeRemoteFilghts\wwwroot\clientApp\out-tsc\app\flightmanager\components\sidenav\sidenav.component.js
C:\DOTNET\Samples\Acme\Acme\AcmeRemoteFilghts\wwwroot\clientApp\out-tsc\app\flightmanager\components\sidenav\sidenav.component.js.map
C:\DOTNET\Samples\Acme\Acme\AcmeRemoteFilghts\wwwroot\clientApp\out-tsc\app\flightmanager\flightmanager.module.js
C:\DOTNET\Samples\Acme\Acme\AcmeRemoteFilghts\wwwroot\clientApp\out-tsc\app\flightmanager\flightmanager.module.js.map
C:\DOTNET\Samples\Acme\Acme\AcmeRemoteFilghts\wwwroot\clientApp\out-tsc\app\flightmanager\models\booking.js
C:\DOTNET\Samples\Acme\Acme\AcmeRemoteFilghts\wwwroot\clientApp\out-tsc\app\flightmanager\models\booking.js.map
C:\DOTNET\Samples\Acme\Acme\AcmeRemoteFilghts\wwwroot\clientApp\out-tsc\app\app.component.js
C:\DOTNET\Samples\Acme\Acme\AcmeRemoteFilghts\wwwroot\clientApp\out-tsc\app\app.component.js.map
C:\DOTNET\Samples\Acme\Acme\AcmeRemoteFilghts\wwwroot\clientApp\out-tsc\app\app.module.js
C:\DOTNET\Samples\Acme\Acme\AcmeRemoteFilghts\wwwroot\clientApp\out-tsc\app\app.module.js.map
C:\DOTNET\Samples\Acme\Acme\AcmeRemoteFilghts\wwwroot\clientApp\out-tsc\environments\environment.js
C:\DOTNET\Samples\Acme\Acme\AcmeRemoteFilghts\wwwroot\clientApp\out-tsc\environments\environment.js.map
C:\DOTNET\Samples\Acme\Acme\AcmeRemoteFilghts\wwwroot\clientApp\out-tsc\main.js
C:\DOTNET\Samples\Acme\Acme\AcmeRemoteFilghts\wwwroot\clientApp\out-tsc\main.js.map
C:\DOTNET\Samples\Acme\Acme\AcmeRemoteFilghts\wwwroot\clientApp\out-tsc\polyfills.js
C:\DOTNET\Samples\Acme\Acme\AcmeRemoteFilghts\wwwroot\clientApp\out-tsc\polyfills.js.map
C:\DOTNET\Samples\Acme\Acme\AcmeRemoteFilghts\wwwroot\clientApp\out-tsc\test.js
C:\DOTNET\Samples\Acme\Acme\AcmeRemoteFilghts\wwwroot\clientApp\out-tsc\test.js.map
C:\DOTNET\Samples\Acme\Acme\AcmeRemoteFilghts\wwwroot\clientApp\out-tsc\environments\environment.prod.js
C:\DOTNET\Samples\Acme\Acme\AcmeRemoteFilghts\wwwroot\clientApp\out-tsc\environments\environment.prod.js.map
C:\DOTNET\Samples\Acme\Acme\AcmeRemoteFilghts\wwwroot\clientApp\out-tsc\app\shared\material\material.module.js
C:\DOTNET\Samples\Acme\Acme\AcmeRemoteFilghts\wwwroot\clientApp\out-tsc\app\shared\material\material.module.js.map
C:\DOTNET\Samples\Acme\Acme\AcmeRemoteFilghts\wwwroot\clientApp\out-tsc\app\flightmanager\flightmanager-app.component.js
C:\DOTNET\Samples\Acme\Acme\AcmeRemoteFilghts\wwwroot\clientApp\out-tsc\app\flightmanager\flightmanager-app.component.js.map
C:\DOTNET\Samples\Acme\Acme\AcmeRemoteFilghts\wwwroot\clientApp\out-tsc\app\flightmanager\components\toolbar\toolbar.component.js
C:\DOTNET\Samples\Acme\Acme\AcmeRemoteFilghts\wwwroot\clientApp\out-tsc\app\flightmanager\components\toolbar\toolbar.component.js.map
C:\DOTNET\Samples\Acme\Acme\AcmeRemoteFilghts\wwwroot\clientApp\out-tsc\app\flightmanager\models\City.js
C:\DOTNET\Samples\Acme\Acme\AcmeRemoteFilghts\wwwroot\clientApp\out-tsc\app\flightmanager\models\City.js.map
C:\DOTNET\Samples\Acme\Acme\AcmeRemoteFilghts\wwwroot\clientApp\out-tsc\app\flightmanager\models\flight.js
C:\DOTNET\Samples\Acme\Acme\AcmeRemoteFilghts\wwwroot\clientApp\out-tsc\app\flightmanager\models\flight.js.map
C:\DOTNET\Samples\Acme\Acme\AcmeRemoteFilghts\wwwroot\clientApp\out-tsc\app\flightmanager\services\flight.service.js
C:\DOTNET\Samples\Acme\Acme\AcmeRemoteFilghts\wwwroot\clientApp\out-tsc\app\flightmanager\services\flight.service.js.map
C:\DOTNET\Samples\Acme\Acme\AcmeRemoteFilghts\wwwroot\clientApp\out-tsc\app\flightmanager\components\main-content\main-content.component.js
C:\DOTNET\Samples\Acme\Acme\AcmeRemoteFilghts\wwwroot\clientApp\out-tsc\app\flightmanager\components\main-content\main-content.component.js.map
C:\DOTNET\Samples\Acme\Acme\AcmeRemoteFilghts\wwwroot\clientApp\out-tsc\app\flightmanager\components\sidenav\sidenav.component.js
C:\DOTNET\Samples\Acme\Acme\AcmeRemoteFilghts\wwwroot\clientApp\out-tsc\app\flightmanager\components\sidenav\sidenav.component.js.map
C:\DOTNET\Samples\Acme\Acme\AcmeRemoteFilghts\wwwroot\clientApp\out-tsc\app\flightmanager\flightmanager.module.js
C:\DOTNET\Samples\Acme\Acme\AcmeRemoteFilghts\wwwroot\clientApp\out-tsc\app\flightmanager\flightmanager.module.js.map
C:\DOTNET\Samples\Acme\Acme\AcmeRemoteFilghts\wwwroot\clientApp\out-tsc\app\flightmanager\models\booking.js
C:\DOTNET\Samples\Acme\Acme\AcmeRemoteFilghts\wwwroot\clientApp\out-tsc\app\flightmanager\models\booking.js.map
C:\DOTNET\Samples\Acme\Acme\AcmeRemoteFilghts\wwwroot\clientApp\out-tsc\app\app.component.js
C:\DOTNET\Samples\Acme\Acme\AcmeRemoteFilghts\wwwroot\clientApp\out-tsc\app\app.component.js.map
C:\DOTNET\Samples\Acme\Acme\AcmeRemoteFilghts\wwwroot\clientApp\out-tsc\app\app.module.js
C:\DOTNET\Samples\Acme\Acme\AcmeRemoteFilghts\wwwroot\clientApp\out-tsc\app\app.module.js.map
C:\DOTNET\Samples\Acme\Acme\AcmeRemoteFilghts\wwwroot\clientApp\out-tsc\environments\environment.js
C:\DOTNET\Samples\Acme\Acme\AcmeRemoteFilghts\wwwroot\clientApp\out-tsc\environments\environment.js.map
C:\DOTNET\Samples\Acme\Acme\AcmeRemoteFilghts\wwwroot\clientApp\out-tsc\main.js
C:\DOTNET\Samples\Acme\Acme\AcmeRemoteFilghts\wwwroot\clientApp\out-tsc\main.js.map
C:\DOTNET\Samples\Acme\Acme\AcmeRemoteFilghts\wwwroot\clientApp\out-tsc\polyfills.js
C:\DOTNET\Samples\Acme\Acme\AcmeRemoteFilghts\wwwroot\clientApp\out-tsc\polyfills.js.map
C:\DOTNET\Samples\Acme\Acme\AcmeRemoteFilghts\wwwroot\clientApp\out-tsc\test.js
C:\DOTNET\Samples\Acme\Acme\AcmeRemoteFilghts\wwwroot\clientApp\out-tsc\test.js.map
C:\DOTNET\Samples\Acme\Acme\AcmeRemoteFilghts\wwwroot\clientApp\out-tsc\environments\environment.prod.js
C:\DOTNET\Samples\Acme\Acme\AcmeRemoteFilghts\wwwroot\clientApp\out-tsc\environments\environment.prod.js.map
C:\DOTNET\Samples\Acme\Acme\AcmeRemoteFilghts\wwwroot\clientApp\out-tsc\app\shared\material\material.module.js
C:\DOTNET\Samples\Acme\Acme\AcmeRemoteFilghts\wwwroot\clientApp\out-tsc\app\shared\material\material.module.js.map
C:\DOTNET\Samples\Acme\Acme\AcmeRemoteFilghts\wwwroot\clientApp\out-tsc\app\flightmanager\flightmanager-app.component.js
C:\DOTNET\Samples\Acme\Acme\AcmeRemoteFilghts\wwwroot\clientApp\out-tsc\app\flightmanager\flightmanager-app.component.js.map
C:\DOTNET\Samples\Acme\Acme\AcmeRemoteFilghts\wwwroot\clientApp\out-tsc\app\flightmanager\components\toolbar\toolbar.component.js
C:\DOTNET\Samples\Acme\Acme\AcmeRemoteFilghts\wwwroot\clientApp\out-tsc\app\flightmanager\components\toolbar\toolbar.component.js.map
C:\DOTNET\Samples\Acme\Acme\AcmeRemoteFilghts\wwwroot\clientApp\out-tsc\app\flightmanager\models\City.js
C:\DOTNET\Samples\Acme\Acme\AcmeRemoteFilghts\wwwroot\clientApp\out-tsc\app\flightmanager\models\City.js.map
C:\DOTNET\Samples\Acme\Acme\AcmeRemoteFilghts\wwwroot\clientApp\out-tsc\app\flightmanager\models\flight.js
C:\DOTNET\Samples\Acme\Acme\AcmeRemoteFilghts\wwwroot\clientApp\out-tsc\app\flightmanager\models\flight.js.map
C:\DOTNET\Samples\Acme\Acme\AcmeRemoteFilghts\wwwroot\clientApp\out-tsc\app\flightmanager\services\flight.service.js
C:\DOTNET\Samples\Acme\Acme\AcmeRemoteFilghts\wwwroot\clientApp\out-tsc\app\flightmanager\services\flight.service.js.map
C:\DOTNET\Samples\Acme\Acme\AcmeRemoteFilghts\wwwroot\clientApp\out-tsc\app\flightmanager\components\main-content\main-content.component.js
C:\DOTNET\Samples\Acme\Acme\AcmeRemoteFilghts\wwwroot\clientApp\out-tsc\app\flightmanager\components\main-content\main-content.component.js.map
C:\DOTNET\Samples\Acme\Acme\AcmeRemoteFilghts\wwwroot\clientApp\out-tsc\app\flightmanager\components\sidenav\sidenav.component.js
C:\DOTNET\Samples\Acme\Acme\AcmeRemoteFilghts\wwwroot\clientApp\out-tsc\app\flightmanager\components\sidenav\sidenav.component.js.map
C:\DOTNET\Samples\Acme\Acme\AcmeRemoteFilghts\wwwroot\clientApp\out-tsc\app\flightmanager\flightmanager.module.js
C:\DOTNET\Samples\Acme\Acme\AcmeRemoteFilghts\wwwroot\clientApp\out-tsc\app\flightmanager\flightmanager.module.js.map
C:\DOTNET\Samples\Acme\Acme\AcmeRemoteFilghts\wwwroot\clientApp\out-tsc\app\flightmanager\models\booking.js
C:\DOTNET\Samples\Acme\Acme\AcmeRemoteFilghts\wwwroot\clientApp\out-tsc\app\flightmanager\models\booking.js.map
